<?xml version="1.0" encoding="UTF-8"?>
<!-- Generated by org.testng.reporters.JUnitReportReporter -->
<testsuite hostname="DESKTOP-4CL0PK3" failures="0" tests="1" name="com.actitime.testscript.CustomerModule" time="21.390" errors="0" timestamp="2023-09-12T19:34:30 IST" skipped="0">
  <testcase classname="com.actitime.testscript.CustomerModule" name="testCreateCustomer" time="21.390">
    <system-out>
      <![CDATA[create customer]]>
    </system-out>
  </testcase> <!-- testCreateCustomer -->
  <system-out>
    <![CDATA[open browser
login
create customer
logout
closebrowser]]>
  </system-out>
</testsuite> <!-- com.actitime.testscript.CustomerModule -->
